#
# There is insufficient memory for the Java Runtime Environment to continue.
# Native memory allocation (malloc) failed to allocate 1048576 bytes for AllocateHeap
# Possible reasons:
#   The system is out of physical RAM or swap space
#   In 32 bit mode, the process size limit was hit
# Possible solutions:
#   Reduce memory load on the system
#   Increase physical memory or swap space
#   Check if swap backing store is full
#   Use 64 bit Java on a 64 bit OS
#   Decrease Java heap size (-Xmx/-Xms)
#   Decrease number of Java threads
#   Decrease Java thread stack sizes (-Xss)
#   Set larger code cache with -XX:ReservedCodeCacheSize=
# This output file may be truncated or incomplete.
#
#  Out of Memory Error (memory/allocation.inline.hpp:61), pid=13696, tid=14144
#
# JRE version:  (8.0_51-b16) (build )
# Java VM: Java HotSpot(TM) 64-Bit Server VM (25.51-b03 mixed mode windows-amd64 compressed oops)
# Failed to write core dump. Minidumps are not enabled by default on client versions of Windows
#

---------------  T H R E A D  ---------------

Current thread (0x0000000002c50800):  JavaThread "Unknown thread" [_thread_in_vm, id=14144, stack(0x00000000027b0000,0x00000000028b0000)]

Stack: [0x00000000027b0000,0x00000000028b0000]
Native frames: (J=compiled Java code, j=interpreted, Vv=VM code, C=native code)
V  [jvm.dll+0x32b4ca]
V  [jvm.dll+0x2797e3]
V  [jvm.dll+0x27a479]
V  [jvm.dll+0x271765]
V  [jvm.dll+0x1606]
V  [jvm.dll+0x3c0822]
V  [jvm.dll+0x3eead2]
V  [jvm.dll+0x3eefdc]
V  [jvm.dll+0x3ea537]
V  [jvm.dll+0xf2c22]
V  [jvm.dll+0x20f0a9]
V  [jvm.dll+0x240d2a]
V  [jvm.dll+0x15b9a1]
C  [javaw.exe+0x217e]
C  [javaw.exe+0xcd37]
C  [javaw.exe+0xcdcb]
C  [KERNEL32.DLL+0x16ad]
C  [ntdll.dll+0x15454]


---------------  P R O C E S S  ---------------

Java Threads: ( => current thread )

Other Threads:

=>0x0000000002c50800 (exited) JavaThread "Unknown thread" [_thread_in_vm, id=14144, stack(0x00000000027b0000,0x00000000028b0000)]

VM state:not at safepoint (normal execution)

VM Mutex/Monitor currently owned by a thread: None

Heap:
 PSYoungGen      total 18944K, used 327K [0x00000000eb400000, 0x00000000ec900000, 0x0000000100000000)
  eden space 16384K, 2% used [0x00000000eb400000,0x00000000eb451ec8,0x00000000ec400000)
  from space 2560K, 0% used [0x00000000ec680000,0x00000000ec680000,0x00000000ec900000)
  to   space 2560K, 0% used [0x00000000ec400000,0x00000000ec400000,0x00000000ec680000)
 ParOldGen       total 44032K, used 0K [0x00000000c1c00000, 0x00000000c4700000, 0x00000000eb400000)
  object space 44032K, 0% used [0x00000000c1c00000,0x00000000c1c00000,0x00000000c4700000)
 Metaspace       used 742K, capacity 4480K, committed 4480K, reserved 1056768K
  class space    used 75K, capacity 384K, committed 384K, reserved 1048576K

Card table byte_map: [0x0000000012110000,0x0000000012310000] byte_map_base: 0x0000000011b02000

Marking Bits: (ParMarkBitMap*) 0x0000000069514040
 Begin Bits: [0x0000000012860000, 0x00000000137f0000)
 End Bits:   [0x00000000137f0000, 0x0000000014780000)

Polling page: 0x0000000000ed0000

CodeCache: size=245760Kb used=328Kb max_used=328Kb free=245431Kb
 bounds [0x0000000002d50000, 0x0000000002fc0000, 0x0000000011d50000]
 total_blobs=57 nmethods=0 adapters=37
 compilation: enabled

Compilation events (0 events):
No events

GC Heap History (0 events):
No events

Deoptimization events (0 events):
No events

Internal exceptions (0 events):
No events

Events (10 events):
Event: 0.042 loading class java/lang/Short
Event: 0.043 loading class java/lang/Short done
Event: 0.043 loading class java/lang/Integer
Event: 0.043 loading class java/lang/Integer done
Event: 0.043 loading class java/lang/Long
Event: 0.043 loading class java/lang/Long done
Event: 0.043 loading class java/lang/NullPointerException
Event: 0.043 loading class java/lang/NullPointerException done
Event: 0.043 loading class java/lang/ArithmeticException
Event: 0.043 loading class java/lang/ArithmeticException done


Dynamic libraries:
0x00007ff751b20000 - 0x00007ff751b57000 	F:\JAVAuse\bin\javaw.exe
0x00007ff926f50000 - 0x00007ff9270fc000 	C:\Windows\SYSTEM32\ntdll.dll
0x00007ff924a20000 - 0x00007ff924b5a000 	C:\Windows\system32\KERNEL32.DLL
0x00007ff924630000 - 0x00007ff92473f000 	C:\Windows\system32\KERNELBASE.dll
0x00007ff922e90000 - 0x00007ff922f18000 	C:\Windows\system32\apphelp.dll
0x00007ff91b950000 - 0x00007ff91b99f000 	C:\Windows\AppPatch\AppPatch64\AcGenral.DLL
0x00007ff925360000 - 0x00007ff925407000 	C:\Windows\system32\msvcrt.dll
0x00007ff9240b0000 - 0x00007ff9240db000 	C:\Windows\SYSTEM32\SspiCli.dll
0x00007ff926e20000 - 0x00007ff926e71000 	C:\Windows\system32\SHLWAPI.dll
0x00007ff924f20000 - 0x00007ff925091000 	C:\Windows\system32\USER32.dll
0x00007ff924bc0000 - 0x00007ff924d54000 	C:\Windows\system32\ole32.dll
0x00007ff9257c0000 - 0x00007ff926bcf000 	C:\Windows\system32\SHELL32.dll
0x00007ff923870000 - 0x00007ff92388e000 	C:\Windows\SYSTEM32\USERENV.dll
0x00007ff9250a0000 - 0x00007ff925145000 	C:\Windows\system32\ADVAPI32.dll
0x00007ff920ef0000 - 0x00007ff920f0b000 	C:\Windows\SYSTEM32\MPR.dll
0x00007ff9254e0000 - 0x00007ff925617000 	C:\Windows\system32\RPCRT4.dll
0x00007ff924d60000 - 0x00007ff924db9000 	C:\Windows\SYSTEM32\sechost.dll
0x00007ff926c40000 - 0x00007ff926e16000 	C:\Windows\SYSTEM32\combase.dll
0x00007ff924dc0000 - 0x00007ff924f10000 	C:\Windows\system32\GDI32.dll
0x00007ff924280000 - 0x00007ff924294000 	C:\Windows\SYSTEM32\profapi.dll
0x00007ff922880000 - 0x00007ff92291f000 	C:\Windows\SYSTEM32\SHCORE.dll
0x00007ff9249e0000 - 0x00007ff924a14000 	C:\Windows\system32\IMM32.DLL
0x00007ff925200000 - 0x00007ff925351000 	C:\Windows\system32\MSCTF.dll
0x00007ff922430000 - 0x00007ff9226aa000 	C:\Windows\WinSxS\amd64_microsoft.windows.common-controls_6595b64144ccf1df_6.0.9600.17810_none_6240b9c7ecbd0bda\COMCTL32.dll
0x0000000069ee0000 - 0x0000000069fb2000 	F:\JAVAuse\bin\msvcr100.dll
0x0000000068d10000 - 0x0000000069593000 	F:\JAVAuse\bin\server\jvm.dll
0x00007ff91b7b0000 - 0x00007ff91b7b9000 	C:\Windows\SYSTEM32\WSOCK32.dll
0x00007ff921c80000 - 0x00007ff921c9f000 	C:\Windows\SYSTEM32\WINMM.dll
0x00007ff921ca0000 - 0x00007ff921caa000 	C:\Windows\SYSTEM32\VERSION.dll
0x00007ff924f10000 - 0x00007ff924f17000 	C:\Windows\system32\PSAPI.DLL
0x00007ff924b60000 - 0x00007ff924bb8000 	C:\Windows\system32\WS2_32.dll
0x00007ff921c40000 - 0x00007ff921c6a000 	C:\Windows\SYSTEM32\WINMMBASE.dll
0x00007ff926c30000 - 0x00007ff926c39000 	C:\Windows\system32\NSI.dll
0x00007ff924350000 - 0x00007ff92439a000 	C:\Windows\SYSTEM32\cfgmgr32.dll
0x00007ff9230e0000 - 0x00007ff923106000 	C:\Windows\SYSTEM32\DEVOBJ.dll
0x000000006a8d0000 - 0x000000006a8df000 	F:\JAVAuse\bin\verify.dll
0x000000006a510000 - 0x000000006a539000 	F:\JAVAuse\bin\java.dll
0x000000006a640000 - 0x000000006a656000 	F:\JAVAuse\bin\zip.dll
0x00007ff9091b0000 - 0x00007ff909338000 	C:\Windows\SYSTEM32\dbghelp.dll

VM Arguments:
jvm_args: -Dfile.encoding=GBK 
java_command: Hotel_login
java_class_path (initial): F:\Android project\Android_First\Hotel\bin;C:\Users\trcay\Desktop\sqljdbc_3.0\chs\sqljdbc4.jar
Launcher Type: SUN_STANDARD

Environment Variables:
JAVA_HOME=F:\JAVAuse
CLASSPATH=.;F:\JAVAuse\lib\dt.jar;F:\JAVAuse\lib\tools.jar;
PATH=F:/JAVAuse/bin/server;F:/JAVAuse/bin;F:/JAVAuse/lib/amd64;F:\JAVAuse\bin;C:\Windows\system32;F:\Rational rose\common;C:\Program Files (x86)\Microsoft SQL Server\100\Tools\Binn\;C:\Program Files\Microsoft SQL Server\100\Tools\Binn\;C:\Program Files\Microsoft SQL Server\100\DTS\Binn\;C:\Program Files (x86)\Microsoft SQL Server\100\Tools\Binn\VSShell\Common7\IDE\;C:\Program Files (x86)\Microsoft Visual Studio 9.0\Common7\IDE\PrivateAssemblies\;C:\Program Files (x86)\Microsoft SQL Server\100\DTS\Binn\;F:\java\eclipse;
USERNAME=trcay
OS=Windows_NT
PROCESSOR_IDENTIFIER=Intel64 Family 6 Model 60 Stepping 3, GenuineIntel



---------------  S Y S T E M  ---------------

OS: Windows 8.1 , 64 bit Build 9600 (6.3.9600.17056)

CPU:total 4 (2 cores per cpu, 2 threads per core) family 6 model 60 stepping 3, cmov, cx8, fxsr, mmx, sse, sse2, sse3, ssse3, sse4.1, sse4.2, popcnt, avx, avx2, aes, clmul, erms, lzcnt, ht, tsc, tscinvbit, bmi1, bmi2

Memory: 4k page, physical 4074520k(176308k free), swap 16657432k(3160k free)

vm_info: Java HotSpot(TM) 64-Bit Server VM (25.51-b03) for windows-amd64 JRE (1.8.0_51-b16), built on Jun  8 2015 18:03:07 by "java_re" with MS VC++ 10.0 (VS2010)

time: Sat Dec 12 09:50:45 2015
elapsed time: 3 seconds (0d 0h 0m 3s)

