#
# There is insufficient memory for the Java Runtime Environment to continue.
# Native memory allocation (malloc) failed to allocate 32744 bytes for ChunkPool::allocate
# Possible reasons:
#   The system is out of physical RAM or swap space
#   In 32 bit mode, the process size limit was hit
# Possible solutions:
#   Reduce memory load on the system
#   Increase physical memory or swap space
#   Check if swap backing store is full
#   Use 64 bit Java on a 64 bit OS
#   Decrease Java heap size (-Xmx/-Xms)
#   Decrease number of Java threads
#   Decrease Java thread stack sizes (-Xss)
#   Set larger code cache with -XX:ReservedCodeCacheSize=
# This output file may be truncated or incomplete.
#
#  Out of Memory Error (allocation.cpp:273), pid=8180, tid=20380
#
# JRE version: Java(TM) SE Runtime Environment (8.0_51-b16) (build 1.8.0_51-b16)
# Java VM: Java HotSpot(TM) 64-Bit Server VM (25.51-b03 mixed mode windows-amd64 compressed oops)
# Failed to write core dump. Minidumps are not enabled by default on client versions of Windows
#

---------------  T H R E A D  ---------------

Current thread (0x0000000015e71000):  JavaThread "C1 CompilerThread2" daemon [_thread_in_native, id=20380, stack(0x00000000166f0000,0x00000000167f0000)]

Stack: [0x00000000166f0000,0x00000000167f0000]
Native frames: (J=compiled Java code, j=interpreted, Vv=VM code, C=native code)
V  [jvm.dll+0x32b4ca]


Current CompileTask:
C1:   1384  148       3       jdk.internal.org.objectweb.asm.Frame::execute (2252 bytes)


---------------  P R O C E S S  ---------------

Java Threads: ( => current thread )
  0x0000000015e8a000 JavaThread "Service Thread" daemon [_thread_blocked, id=14152, stack(0x00000000167f0000,0x00000000168f0000)]
=>0x0000000015e71000 JavaThread "C1 CompilerThread2" daemon [_thread_in_native, id=20380, stack(0x00000000166f0000,0x00000000167f0000)]
  0x0000000015e50000 JavaThread "C2 CompilerThread1" daemon [_thread_blocked, id=16568, stack(0x00000000165f0000,0x00000000166f0000)]
  0x0000000015e11800 JavaThread "C2 CompilerThread0" daemon [_thread_blocked, id=14596, stack(0x00000000164f0000,0x00000000165f0000)]
  0x0000000015e04000 JavaThread "JDWP Command Reader" daemon [_thread_in_native, id=10108, stack(0x00000000163f0000,0x00000000164f0000)]
  0x0000000015e01000 JavaThread "JDWP Event Helper Thread" daemon [_thread_blocked, id=19228, stack(0x00000000162f0000,0x00000000163f0000)]
  0x0000000015df6800 JavaThread "JDWP Transport Listener: dt_socket" daemon [_thread_blocked, id=20300, stack(0x00000000161f0000,0x00000000162f0000)]
  0x00000000148fb000 JavaThread "Attach Listener" daemon [_thread_blocked, id=8808, stack(0x0000000015cf0000,0x0000000015df0000)]
  0x00000000148fa800 JavaThread "Signal Dispatcher" daemon [_thread_blocked, id=20044, stack(0x0000000015bf0000,0x0000000015cf0000)]
  0x0000000001f08800 JavaThread "Finalizer" daemon [_thread_blocked, id=14936, stack(0x0000000015af0000,0x0000000015bf0000)]
  0x0000000001f00000 JavaThread "Reference Handler" daemon [_thread_blocked, id=19468, stack(0x00000000159f0000,0x0000000015af0000)]
  0x0000000001e10800 JavaThread "main" [_thread_in_vm, id=13544, stack(0x00000000005c0000,0x00000000006c0000)]

Other Threads:
  0x0000000014868800 VMThread [stack: 0x00000000158f0000,0x00000000159f0000] [id=17904]
  0x0000000015eaf000 WatcherThread [stack: 0x00000000168f0000,0x00000000169f0000] [id=9728]

VM state:synchronizing (normal execution)

VM Mutex/Monitor currently owned by a thread:  ([mutex/lock_event])
[0x0000000001f6bfd0] Threads_lock - owner thread: 0x0000000014868800

Heap:
 PSYoungGen      total 18944K, used 3012K [0x00000000eb400000, 0x00000000ec900000, 0x0000000100000000)
  eden space 16384K, 18% used [0x00000000eb400000,0x00000000eb6f1018,0x00000000ec400000)
  from space 2560K, 0% used [0x00000000ec680000,0x00000000ec680000,0x00000000ec900000)
  to   space 2560K, 0% used [0x00000000ec400000,0x00000000ec400000,0x00000000ec680000)
 ParOldGen       total 44032K, used 0K [0x00000000c1c00000, 0x00000000c4700000, 0x00000000eb400000)
  object space 44032K, 0% used [0x00000000c1c00000,0x00000000c1c00000,0x00000000c4700000)
 Metaspace       used 5372K, capacity 5492K, committed 5632K, reserved 1056768K
  class space    used 623K, capacity 693K, committed 768K, reserved 1048576K

Card table byte_map: [0x0000000011690000,0x0000000011890000] byte_map_base: 0x0000000011082000

Marking Bits: (ParMarkBitMap*) 0x0000000069514040
 Begin Bits: [0x0000000011de0000, 0x0000000012d70000)
 End Bits:   [0x0000000012d70000, 0x0000000013d00000)

Polling page: 0x0000000001df0000

CodeCache: size=245760Kb used=1357Kb max_used=1357Kb free=244403Kb
 bounds [0x00000000022d0000, 0x0000000002540000, 0x00000000112d0000]
 total_blobs=477 nmethods=155 adapters=243
 compilation: enabled

Compilation events (10 events):
Event: 1.144 Thread 0x0000000015e71000 nmethod 138 0x0000000002421910 code [0x0000000002421a60, 0x0000000002421b70]
Event: 1.144 Thread 0x0000000015e71000  143       3       java.lang.invoke.MethodType::parameterType (7 bytes)
Event: 1.145 Thread 0x0000000015e71000 nmethod 143 0x0000000002421bd0 code [0x0000000002421d20, 0x0000000002421e90]
Event: 1.145 Thread 0x0000000015e71000  144       1       java.lang.invoke.LambdaForm$Name::type (5 bytes)
Event: 1.145 Thread 0x0000000015e71000 nmethod 144 0x0000000002421f50 code [0x00000000024220a0, 0x00000000024221b0]
Event: 1.145 Thread 0x0000000015e71000  146       1       java.lang.invoke.LambdaForm$Name::access$000 (5 bytes)
Event: 1.145 Thread 0x0000000015e71000 nmethod 146 0x0000000002422390 code [0x00000000024224e0, 0x00000000024225d0]
Event: 1.145 Thread 0x0000000015e71000  147       1       java.lang.invoke.LambdaForm$BasicType::basicTypeClass (5 bytes)
Event: 1.145 Thread 0x0000000015e71000 nmethod 147 0x0000000002422650 code [0x00000000024227a0, 0x00000000024228b0]
Event: 1.145 Thread 0x0000000015e71000  148       3       jdk.internal.org.objectweb.asm.Frame::execute (2252 bytes)

GC Heap History (0 events):
No events

Deoptimization events (0 events):
No events

Internal exceptions (8 events):
Event: 0.059 Thread 0x0000000001e10800 Exception <a 'java/lang/NoSuchMethodError': Method sun.misc.Unsafe.defineClass(Ljava/lang/String;[BII)Ljava/lang/Class; name or signature does not match> (0x00000000eb412bb0) thrown at [C:\re\workspace\8-2-build-windows-amd64-cygwin\jdk8u51\3951\hotspot\sr|¡öœ±HÆ?
Event: 0.059 Thread 0x0000000001e10800 Exception <a 'java/lang/NoSuchMethodError': Method sun.misc.Unsafe.prefetchRead(Ljava/lang/Object;J)V name or signature does not match> (0x00000000eb412e40) thrown at [C:\re\workspace\8-2-build-windows-amd64-cygwin\jdk8u51\3951\hotspot\src\share\vm\prims\jÿùø“RÒ?
Event: 1.083 Thread 0x0000000001e10800 Exception <a 'java/security/PrivilegedActionException'> (0x00000000eb55f7d0) thrown at [C:\re\workspace\8-2-build-windows-amd64-cygwin\jdk8u51\3951\hotspot\src\share\vm\prims\jvm.cpp, line 1382]
Event: 1.083 Thread 0x0000000001e10800 Exception <a 'java/security/PrivilegedActionException'> (0x00000000eb55f988) thrown at [C:\re\workspace\8-2-build-windows-amd64-cygwin\jdk8u51\3951\hotspot\src\share\vm\prims\jvm.cpp, line 1382]
Event: 1.083 Thread 0x0000000001e10800 Exception <a 'java/security/PrivilegedActionException'> (0x00000000eb5617a0) thrown at [C:\re\workspace\8-2-build-windows-amd64-cygwin\jdk8u51\3951\hotspot\src\share\vm\prims\jvm.cpp, line 1382]
Event: 1.083 Thread 0x0000000001e10800 Exception <a 'java/security/PrivilegedActionException'> (0x00000000eb561958) thrown at [C:\re\workspace\8-2-build-windows-amd64-cygwin\jdk8u51\3951\hotspot\src\share\vm\prims\jvm.cpp, line 1382]
Event: 1.098 Thread 0x0000000001e10800 Exception <a 'java/io/FileNotFoundException'> (0x00000000eb5fd5e0) thrown at [C:\re\workspace\8-2-build-windows-amd64-cygwin\jdk8u51\3951\hotspot\src\share\vm\prims\jni.cpp, line 709]
Event: 1.117 Thread 0x0000000001e10800 Exception <a 'java/io/FileNotFoundException'> (0x00000000eb61ca40) thrown at [C:\re\workspace\8-2-build-windows-amd64-cygwin\jdk8u51\3951\hotspot\src\share\vm\prims\jni.cpp, line 709]

Events (10 events):
Event: 1.140 loading class java/lang/invoke/MethodHandleImpl$AsVarargsCollector
Event: 1.140 loading class java/lang/invoke/DelegatingMethodHandle
Event: 1.140 loading class java/lang/invoke/DelegatingMethodHandle done
Event: 1.140 loading class java/lang/invoke/MethodHandleImpl$AsVarargsCollector done
Event: 1.140 loading class java/lang/invoke/WrongMethodTypeException
Event: 1.140 loading class java/lang/invoke/WrongMethodTypeException done
Event: 1.142 loading class java/lang/invoke/MethodHandleImpl$Lazy
Event: 1.142 loading class java/lang/invoke/MethodHandleImpl$Lazy done
Event: 1.142 loading class java/lang/invoke/MethodHandleImpl$IntrinsicMethodHandle
Event: 1.142 loading class java/lang/invoke/MethodHandleImpl$IntrinsicMethodHandle done


Dynamic libraries:
0x00007ff60c340000 - 0x00007ff60c377000 	F:\JAVAuse\bin\javaw.exe
0x00007ff926f50000 - 0x00007ff9270fc000 	C:\Windows\SYSTEM32\ntdll.dll
0x00007ff924a20000 - 0x00007ff924b5a000 	C:\Windows\system32\KERNEL32.DLL
0x00007ff924630000 - 0x00007ff92473f000 	C:\Windows\system32\KERNELBASE.dll
0x00007ff922e90000 - 0x00007ff922f18000 	C:\Windows\system32\apphelp.dll
0x00007ff90bb00000 - 0x00007ff90bb4f000 	C:\Windows\AppPatch\AppPatch64\AcGenral.DLL
0x00007ff925360000 - 0x00007ff925407000 	C:\Windows\system32\msvcrt.dll
0x00007ff9240b0000 - 0x00007ff9240db000 	C:\Windows\SYSTEM32\SspiCli.dll
0x00007ff926e20000 - 0x00007ff926e71000 	C:\Windows\system32\SHLWAPI.dll
0x00007ff924f20000 - 0x00007ff925091000 	C:\Windows\system32\USER32.dll
0x00007ff924bc0000 - 0x00007ff924d54000 	C:\Windows\system32\ole32.dll
0x00007ff9257c0000 - 0x00007ff926bcf000 	C:\Windows\system32\SHELL32.dll
0x00007ff923870000 - 0x00007ff92388e000 	C:\Windows\SYSTEM32\USERENV.dll
0x00007ff9250a0000 - 0x00007ff925145000 	C:\Windows\system32\ADVAPI32.dll
0x00007ff920ef0000 - 0x00007ff920f0b000 	C:\Windows\SYSTEM32\MPR.dll
0x00007ff9254e0000 - 0x00007ff925617000 	C:\Windows\system32\RPCRT4.dll
0x00007ff924d60000 - 0x00007ff924db9000 	C:\Windows\SYSTEM32\sechost.dll
0x00007ff926c40000 - 0x00007ff926e16000 	C:\Windows\SYSTEM32\combase.dll
0x00007ff924dc0000 - 0x00007ff924f10000 	C:\Windows\system32\GDI32.dll
0x00007ff924280000 - 0x00007ff924294000 	C:\Windows\SYSTEM32\profapi.dll
0x00007ff922880000 - 0x00007ff92291f000 	C:\Windows\SYSTEM32\SHCORE.dll
0x00007ff9249e0000 - 0x00007ff924a14000 	C:\Windows\system32\IMM32.DLL
0x00007ff925200000 - 0x00007ff925351000 	C:\Windows\system32\MSCTF.dll
0x00007ff922430000 - 0x00007ff9226aa000 	C:\Windows\WinSxS\amd64_microsoft.windows.common-controls_6595b64144ccf1df_6.0.9600.17810_none_6240b9c7ecbd0bda\COMCTL32.dll
0x0000000069ee0000 - 0x0000000069fb2000 	F:\JAVAuse\bin\msvcr100.dll
0x0000000068d10000 - 0x0000000069593000 	F:\JAVAuse\bin\server\jvm.dll
0x00007ff921010000 - 0x00007ff921019000 	C:\Windows\SYSTEM32\WSOCK32.dll
0x00007ff921c80000 - 0x00007ff921c9f000 	C:\Windows\SYSTEM32\WINMM.dll
0x00007ff921ca0000 - 0x00007ff921caa000 	C:\Windows\SYSTEM32\VERSION.dll
0x00007ff924f10000 - 0x00007ff924f17000 	C:\Windows\system32\PSAPI.DLL
0x00007ff924b60000 - 0x00007ff924bb8000 	C:\Windows\system32\WS2_32.dll
0x00007ff921c40000 - 0x00007ff921c6a000 	C:\Windows\SYSTEM32\WINMMBASE.dll
0x00007ff926c30000 - 0x00007ff926c39000 	C:\Windows\system32\NSI.dll
0x00007ff924350000 - 0x00007ff92439a000 	C:\Windows\SYSTEM32\cfgmgr32.dll
0x00007ff9230e0000 - 0x00007ff923106000 	C:\Windows\SYSTEM32\DEVOBJ.dll
0x000000006a8d0000 - 0x000000006a8df000 	F:\JAVAuse\bin\verify.dll
0x000000006a510000 - 0x000000006a539000 	F:\JAVAuse\bin\java.dll
0x000000006a450000 - 0x000000006a485000 	F:\JAVAuse\bin\jdwp.dll
0x000000006a440000 - 0x000000006a448000 	F:\JAVAuse\bin\npt.dll
0x000000006a640000 - 0x000000006a656000 	F:\JAVAuse\bin\zip.dll
0x000000006a430000 - 0x000000006a439000 	F:\JAVAuse\bin\dt_socket.dll
0x00007ff917a20000 - 0x00007ff917a34000 	C:\Windows\system32\napinsp.dll
0x00007ff917a40000 - 0x00007ff917a59000 	C:\Windows\system32\pnrpnsp.dll
0x00007ff91df20000 - 0x00007ff91df3b000 	C:\Windows\system32\NLAapi.dll
0x00007ff923ac0000 - 0x00007ff923b18000 	C:\Windows\System32\mswsock.dll
0x00007ff9238d0000 - 0x00007ff923973000 	C:\Windows\SYSTEM32\DNSAPI.dll
0x00007ff917b20000 - 0x00007ff917b2c000 	C:\Windows\System32\winrnr.dll
0x00007ff917a60000 - 0x00007ff917a73000 	C:\Windows\system32\wshbth.dll
0x00007ff91d7e0000 - 0x00007ff91d848000 	C:\Windows\System32\fwpuclnt.dll
0x00007ff917e90000 - 0x00007ff917e99000 	C:\Windows\System32\rasadhlp.dll
0x0000000068b70000 - 0x0000000068d08000 	F:\JAVAuse\bin\awt.dll
0x00007ff925410000 - 0x00007ff9254d1000 	C:\Windows\system32\OLEAUT32.dll
0x00007ff9226b0000 - 0x00007ff9226d0000 	C:\Windows\system32\DWMAPI.DLL
0x00007ff922f30000 - 0x00007ff923051000 	C:\Windows\system32\uxtheme.dll

VM Arguments:
jvm_args: -agentlib:jdwp=transport=dt_socket,suspend=y,address=localhost:63209 -Dfile.encoding=GBK 
java_command: Hotel.Hotel_login
java_class_path (initial): F:\Android project\Android_First\Hotel\bin;C:\Users\trcay\Desktop\sqljdbc_3.0\chs\sqljdbc4.jar
Launcher Type: SUN_STANDARD

Environment Variables:
JAVA_HOME=F:\JAVAuse
CLASSPATH=.;F:\JAVAuse\lib\dt.jar;F:\JAVAuse\lib\tools.jar;
PATH=F:\JAVAuse\jre\bin;F:/JAVAuse/bin/server;F:/JAVAuse/bin;F:/JAVAuse/lib/amd64;F:\JAVAuse\bin;C:\Windows\system32;F:\Rational rose\common;C:\Program Files (x86)\Microsoft SQL Server\100\Tools\Binn\;C:\Program Files\Microsoft SQL Server\100\Tools\Binn\;C:\Program Files\Microsoft SQL Server\100\DTS\Binn\;C:\Program Files (x86)\Microsoft SQL Server\100\Tools\Binn\VSShell\Common7\IDE\;C:\Program Files (x86)\Microsoft Visual Studio 9.0\Common7\IDE\PrivateAssemblies\;C:\Program Files (x86)\Microsoft SQL Server\100\DTS\Binn\;F:\java\eclipse;
USERNAME=trcay
OS=Windows_NT
PROCESSOR_IDENTIFIER=Intel64 Family 6 Model 60 Stepping 3, GenuineIntel



---------------  S Y S T E M  ---------------

OS: Windows 8.1 , 64 bit Build 9600 (6.3.9600.17056)

CPU:total 4 (2 cores per cpu, 2 threads per core) family 6 model 60 stepping 3, cmov, cx8, fxsr, mmx, sse, sse2, sse3, ssse3, sse4.1, sse4.2, popcnt, avx, avx2, aes, clmul, erms, lzcnt, ht, tsc, tscinvbit, bmi1, bmi2

Memory: 4k page, physical 4074520k(734228k free), swap 16657432k(4692k free)

vm_info: Java HotSpot(TM) 64-Bit Server VM (25.51-b03) for windows-amd64 JRE (1.8.0_51-b16), built on Jun  8 2015 18:03:07 by "java_re" with MS VC++ 10.0 (VS2010)

time: Sat Dec 12 13:53:04 2015
elapsed time: 1 seconds (0d 0h 0m 1s)

